2025-03-30 10:31:22 - ОШИБКА: Ошибка Long Poll запроса: неожиданный тип ответа
2025-03-30 10:31:27 - ОШИБКА: Ошибка Long Poll запроса: неожиданный тип ответа
2025-03-30 10:31:33 - ОШИБКА: Ошибка Long Poll запроса: неожиданный тип ответа
2025-03-30 10:31:38 - ОШИБКА: Ошибка Long Poll запроса: неожиданный тип ответа
2025-03-30 10:31:43 - ОШИБКА: Ошибка Long Poll запроса: неожиданный тип ответа
2025-03-30 10:31:49 - ОШИБКА: Ошибка Long Poll запроса: неожиданный тип ответа
2025-03-30 10:31:54 - ОШИБКА: Ошибка Long Poll запроса: неожиданный тип ответа
2025-03-30 10:32:00 - ОШИБКА: Ошибка Long Poll запроса: неожиданный тип ответа
2025-03-30 10:32:05 - ОШИБКА: Ошибка Long Poll запроса: неожиданный тип ответа
2025-03-30 10:32:10 - ОШИБКА: Ошибка Long Poll запроса: неожиданный тип ответа
2025-03-30 10:32:16 - ОШИБКА: Ошибка Long Poll запроса: неожиданный тип ответа
2025-03-30 10:32:21 - ОШИБКА: Ошибка Long Poll запроса: неожиданный тип ответа
2025-03-30 10:32:27 - ОШИБКА: Ошибка Long Poll запроса: неожиданный тип ответа
2025-03-30 10:32:32 - ОШИБКА: Ошибка Long Poll запроса: неожиданный тип ответа
2025-03-30 10:32:37 - ОШИБКА: Ошибка Long Poll запроса: неожиданный тип ответа
2025-03-30 10:32:43 - ОШИБКА: Ошибка Long Poll запроса: неожиданный тип ответа
2025-03-30 10:32:48 - ОШИБКА: Ошибка Long Poll запроса: неожиданный тип ответа
2025-03-30 10:32:53 - ОШИБКА: Ошибка Long Poll запроса: неожиданный тип ответа
2025-03-30 10:32:59 - ОШИБКА: Ошибка Long Poll запроса: неожиданный тип ответа
2025-03-30 10:33:04 - ОШИБКА: Ошибка Long Poll запроса: неожиданный тип ответа
2025-03-30 10:33:10 - ОШИБКА: Ошибка Long Poll запроса: неожиданный тип ответа
2025-03-30 10:33:15 - ОШИБКА: Ошибка Long Poll запроса: неожиданный тип ответа
2025-03-30 10:33:21 - ОШИБКА: Ошибка Long Poll запроса: неожиданный тип ответа
2025-03-30 10:33:26 - ОШИБКА: Ошибка Long Poll запроса: неожиданный тип ответа
2025-03-30 10:33:31 - ОШИБКА: Ошибка Long Poll запроса: неожиданный тип ответа
2025-03-30 10:33:37 - ОШИБКА: Ошибка Long Poll запроса: неожиданный тип ответа
2025-03-30 10:33:42 - ОШИБКА: Ошибка Long Poll запроса: неожиданный тип ответа
2025-03-30 10:33:47 - ОШИБКА: Ошибка Long Poll запроса: неожиданный тип ответа
2025-03-30 10:33:53 - ОШИБКА: Ошибка Long Poll запроса: неожиданный тип ответа
2025-03-30 10:33:58 - ОШИБКА: Ошибка Long Poll запроса: неожиданный тип ответа
2025-03-30 10:34:03 - ОШИБКА: Ошибка Long Poll запроса: неожиданный тип ответа
2025-03-30 10:34:09 - ОШИБКА: Ошибка Long Poll запроса: неожиданный тип ответа
2025-03-30 10:34:14 - ОШИБКА: Ошибка Long Poll запроса: неожиданный тип ответа
2025-03-30 10:34:20 - ОШИБКА: Ошибка Long Poll запроса: неожиданный тип ответа
2025-03-30 10:34:25 - ОШИБКА: Ошибка Long Poll запроса: неожиданный тип ответа
2025-03-30 10:34:30 - ОШИБКА: Ошибка Long Poll запроса: неожиданный тип ответа
2025-03-30 10:34:36 - ОШИБКА: Ошибка Long Poll запроса: неожиданный тип ответа
2025-03-30 10:34:41 - ОШИБКА: Ошибка Long Poll запроса: неожиданный тип ответа
2025-03-30 10:34:46 - ОШИБКА: Ошибка Long Poll запроса: неожиданный тип ответа
2025-03-30 10:34:52 - ОШИБКА: Ошибка Long Poll запроса: неожиданный тип ответа
2025-03-30 10:34:57 - ОШИБКА: Ошибка Long Poll запроса: неожиданный тип ответа
2025-03-30 10:35:02 - ОШИБКА: Ошибка Long Poll запроса: неожиданный тип ответа
2025-03-30 10:35:08 - ОШИБКА: Ошибка Long Poll запроса: неожиданный тип ответа
2025-03-30 10:35:13 - ОШИБКА: Ошибка Long Poll запроса: неожиданный тип ответа
2025-03-30 10:35:18 - ОШИБКА: Ошибка Long Poll запроса: неожиданный тип ответа
2025-03-30 10:35:24 - ОШИБКА: Ошибка Long Poll запроса: неожиданный тип ответа
2025-03-30 10:35:29 - ОШИБКА: Ошибка Long Poll запроса: неожиданный тип ответа
2025-03-30 10:35:35 - ОШИБКА: Ошибка Long Poll запроса: неожиданный тип ответа
2025-03-30 10:35:40 - ОШИБКА: Ошибка Long Poll запроса: неожиданный тип ответа
2025-03-30 10:35:46 - ОШИБКА: Ошибка Long Poll запроса: неожиданный тип ответа
2025-03-30 10:35:51 - ОШИБКА: Ошибка Long Poll запроса: неожиданный тип ответа
2025-03-30 10:35:56 - ОШИБКА: Ошибка Long Poll запроса: неожиданный тип ответа
2025-03-30 10:36:02 - ОШИБКА: Ошибка Long Poll запроса: неожиданный тип ответа
2025-03-30 10:36:07 - ОШИБКА: Ошибка Long Poll запроса: неожиданный тип ответа
2025-03-30 10:36:12 - ОШИБКА: Ошибка Long Poll запроса: неожиданный тип ответа
2025-03-30 10:36:16 - ОШИБКА: Не удалось получить Long Poll сервер: "{\"response\":{\"key\":\"eyJhbGciOiJFZERTQSIsInR5cCI6IkpXVCJ9.eyJxdWV1ZV9pZCI6IjIyOTg0ODE0NyIsInVudGlsIjoxNzQzMzI3Mzg0MDYyMTg4ODQ4fQ.aLmPOmJTMS9tVjyRpLfjeipgpPkQVF-OVirAYBFrnH1tHttQsRnOPzfU_CJSPdvh3HUvR9QA7BtcAtvi0AfxBA\",\"server\":\"https:\\\/\\\/lp.vk.com\\\/whp\\\/229848147\",\"ts\":\"1609\"}}"
2025-03-30 10:47:15 - ОШИБКА: Не удалось получить Long Poll сервер: "{\"response\":{\"key\":\"eyJhbGciOiJFZERTQSIsInR5cCI6IkpXVCJ9.eyJxdWV1ZV9pZCI6IjIyOTg0ODE0NyIsInVudGlsIjoxNzQzMzI4MDQzNjgwNzA1MTA3fQ.I67fWiZJL2QAT4T0DWQ8lLCl0DKR2pifasDy-px1ToR19NHBneRNa9Q64wMSQkKMiXrzSAPgDCNb53Mt3JL6Cw\",\"server\":\"https:\\\/\\\/lp.vk.com\\\/whp\\\/229848147\",\"ts\":\"1613\"}}"
2025-03-30 17:51:33 - ОШИБКА: Не удалось получить Long Poll сервер: "{\"response\":{\"key\":\"eyJhbGciOiJFZERTQSIsInR5cCI6IkpXVCJ9.eyJxdWV1ZV9pZCI6IjIyOTg0ODE0NyIsInVudGlsIjoxNzQzMzUzNTAxMjk1MzgwODUyfQ.vi3WmGV_sMJiS8EtKMOBTcMln6s-4WKFHU8xTN8d428N01BL_c98r2RIyoQ3mBzVVWLhg8zDL1CBNdQukhAJAA\",\"server\":\"https:\\\/\\\/lp.vk.com\\\/whp\\\/229848147\",\"ts\":\"1615\"}}"
2025-03-30 17:54:05 - ОШИБКА: Не удалось получить Long Poll сервер: "{\"response\":{\"key\":\"eyJhbGciOiJFZERTQSIsInR5cCI6IkpXVCJ9.eyJxdWV1ZV9pZCI6IjIyOTg0ODE0NyIsInVudGlsIjoxNzQzMzUzNjUzMDE3ODY1OTkwfQ.tjD2VofD6CG_hzTPM8WQ8eXXG5WUfBla_KCuMq_uyyknvo0NXwq_1tK0Ps_W9_FRPyGLIjgj97Ka8z14yxDqCQ\",\"server\":\"https:\\\/\\\/lp.vk.com\\\/whp\\\/229848147\",\"ts\":\"1616\"}}"
2025-03-30 18:07:46 - ОШИБКА: Ошибка удаления сообщения 0: One of the parameters specified was missing or invalid: message_ids or cmids is undefined
2025-03-30 18:07:49 - ОШИБКА: Ошибка удаления сообщения 0: One of the parameters specified was missing or invalid: message_ids or cmids is undefined
2025-03-30 20:02:43 - ОШИБКА: cURL ошибка: Operation timed out after 1066773 milliseconds with 0 bytes received
2025-03-30 20:02:43 - ОШИБКА: Ошибка Long Poll запроса: неожиданный тип ответа
2025-03-30 20:02:48 - ОШИБКА: Long Poll ошибка: {"failed":2}
