2025-03-27 12:31:35 - ОШИБКА: Ошибка исключения пользователя 609274912 из чата 2000000002: Access denied: can't remove this user
2025-03-27 12:34:12 - ОШИБКА: Ошибка исключения пользователя 382580512 из чата 2000000002: User not found in chat
2025-03-27 12:34:14 - ОШИБКА: Ошибка исключения пользователя 258921049 из чата 2000000002: User not found in chat
2025-03-27 14:17:06 - ОШИБКА: Ошибка удаления сообщения 78: Access denied: message can not be deleted (admin message)
2025-03-27 14:17:09 - ОШИБКА: Ошибка удаления сообщения 78: Access denied: message can not be deleted (admin message)
2025-03-27 16:11:14 - ОШИБКА: cURL ошибка: Connection timed out after 1722623 milliseconds
2025-03-27 16:11:14 - ОШИБКА: Не удалось получить обновления Long Poll, попытка 1 из 5
2025-03-27 17:12:56 - ОШИБКА: cURL ошибка: Operation timed out after 524483 milliseconds with 0 bytes received
2025-03-27 17:12:56 - ОШИБКА: Не удалось получить обновления Long Poll, попытка 1 из 5
2025-03-27 17:13:01 - ОШИБКА: cURL ошибка: Could not resolve host: lp.vk.com
2025-03-27 17:13:01 - ОШИБКА: Не удалось получить обновления Long Poll, попытка 2 из 5
2025-03-27 17:13:06 - ОШИБКА: cURL ошибка: Could not resolve host: lp.vk.com
2025-03-27 17:13:06 - ОШИБКА: Не удалось получить обновления Long Poll, попытка 3 из 5
2025-03-27 17:13:11 - ОШИБКА: cURL ошибка: Could not resolve host: lp.vk.com
2025-03-27 17:13:11 - ОШИБКА: Не удалось получить обновления Long Poll, попытка 4 из 5
2025-03-27 17:13:16 - ОШИБКА: cURL ошибка: Could not resolve host: lp.vk.com
2025-03-27 17:13:16 - ОШИБКА: Не удалось получить обновления Long Poll, попытка 5 из 5
2025-03-27 17:13:21 - ОШИБКА: Достигнуто максимальное количество попыток подключения к Long Poll. Перезапуск цикла.
2025-03-27 17:13:31 - ОШИБКА: cURL ошибка: Could not resolve host: api.vk.com
2025-03-27 17:13:31 - ОШИБКА: Не удалось получить Long Poll сервер
