2025-03-26 11:48:05 - {"delete_message_start":"Попытка удалить сообщение 1415 в peer_id 2000000002"}
2025-03-26 11:48:06 - {"delete_message_start":"Попытка удалить сообщение 1416 в peer_id 2000000002"}
2025-03-26 11:50:15 - {"delete_message_start":"Попытка удалить сообщение 1422 в peer_id 2000000002"}
2025-03-26 11:50:15 - {"muted_user_message_deleted":"Сообщение от 382580512 удалено из-за мута"}
2025-03-26 11:50:17 - {"delete_message_start":"Попытка удалить сообщение 1423 в peer_id 2000000002"}
2025-03-26 11:50:17 - {"muted_user_message_deleted":"Сообщение от 382580512 удалено из-за мута"}
2025-03-26 11:50:21 - {"delete_message_start":"Попытка удалить сообщение 1424 в peer_id 2000000002"}
2025-03-26 11:50:21 - {"muted_user_message_deleted":"Сообщение от 382580512 удалено из-за мута"}
2025-03-26 11:50:31 - {"delete_message_start":"Попытка удалить сообщение 1426 в peer_id 2000000002"}
2025-03-26 11:50:31 - {"muted_user_message_deleted":"Сообщение от 382580512 удалено из-за мута"}
2025-03-26 11:54:00 - {"delete_message_start":"Попытка удалить сообщение 1448 в peer_id 2000000002"}
2025-03-26 11:54:00 - {"muted_user_message_deleted":"Сообщение от 648204453 удалено из-за мута"}
2025-03-26 11:54:03 - {"delete_message_start":"Попытка удалить сообщение 1449 в peer_id 2000000002"}
2025-03-26 11:54:03 - {"muted_user_message_deleted":"Сообщение от 648204453 удалено из-за мута"}
2025-03-26 11:54:05 - {"delete_message_start":"Попытка удалить сообщение 1450 в peer_id 2000000002"}
2025-03-26 11:54:06 - {"muted_user_message_deleted":"Сообщение от 648204453 удалено из-за мута"}
2025-03-26 11:54:09 - {"delete_message_start":"Попытка удалить сообщение 1451 в peer_id 2000000002"}
2025-03-26 11:54:09 - {"muted_user_message_deleted":"Сообщение от 648204453 удалено из-за мута"}
2025-03-26 11:54:16 - {"delete_message_start":"Попытка удалить сообщение 1454 в peer_id 2000000002"}
2025-03-26 11:54:16 - {"muted_user_message_deleted":"Сообщение от 648204453 удалено из-за мута"}
2025-03-26 12:03:40 - {"mute_expired":"Мут [id648204453|Артемий] истёк"}
2025-03-26 12:03:40 - {"mute_expired":"Мут 609274912 истёк"}
2025-03-26 13:18:41 - {"kick_user":"Пользователь 648204453 исключен из чата"}
2025-03-26 13:18:42 - {"ban_user":"Пользователь 648204453 забанен"}
2025-03-26 13:26:46 - {"unban_user":"Пользователь 648204453 разбанен"}
2025-03-26 13:26:54 - {"kick_user":"Пользователь 648204453 исключен из чата 2000000002"}
2025-03-26 13:26:54 - {"ban_user":"Пользователь 648204453 забанен в чате 2000000002"}
2025-03-26 13:27:35 - {"unban_user":"Пользователь 648204453 разбанен"}
2025-03-26 13:52:15 - {"kick_user":"Пользователь 648204453 исключен из чата 2000000002"}
2025-03-26 13:52:16 - {"ban_user":"Пользователь 648204453 забанен в чате 2000000002"}
2025-03-26 13:52:36 - {"chat_invite_user_detected":"Пользователь 648204453 приглашён в чат 2000000002"}
2025-03-26 13:52:37 - {"kick_user":"Пользователь 648204453 исключен из чата 2000000002"}
2025-03-26 13:52:37 - {"banned_user_invited":"Забаненный 648204453 пытался вернуться в чат 2000000002"}
2025-03-26 13:53:00 - {"unban_user":"Пользователь 648204453 разбанен"}
2025-03-26 13:53:14 - {"chat_invite_user_detected":"Пользователь 648204453 приглашён в чат 2000000002"}
2025-03-26 14:12:41 - {"set_nickname":"Пользователь 382580512 получил ник test"}
2025-03-26 14:14:41 - {"set_nickname":"Пользователь 609274912 получил ник 123"}
2025-03-26 14:18:48 - {"ban_user":"Пользователь @all забанен в чате 2000000002"}
2025-03-26 14:34:29 - {"chat_invite_user_detected":"Пользователь 735740203 приглашён в чат 2000000002"}
2025-03-26 14:34:30 - {"welcome_message":"Отправлено приветствие для 735740203 в чате 2000000002"}
2025-03-26 14:34:38 - {"kick_user":"Пользователь 735740203 исключен из чата 2000000002"}
2025-03-26 15:01:45 - {"chat_kick_user_detected":"Пользователь 648204453 покинул чат 2000000001"}
2025-03-26 15:01:47 - {"user_kicked":"Пользователь 648204453 исключён после выхода из чата 2000000001"}
2025-03-26 18:14:45 - {"delete_message_start":"Попытка удалить сообщение 1787 в peer_id 2000000002"}
2025-03-26 18:15:45 - {"delete_message_start":"Попытка удалить сообщение 1788 в peer_id 2000000002"}
2025-03-26 18:16:07 - {"delete_message_start":"Попытка удалить сообщение 1797 в peer_id 2000000002"}
2025-03-26 18:16:15 - {"delete_message_start":"Попытка удалить сообщение 1799 в peer_id 2000000002"}
2025-03-26 18:16:49 - {"delete_message_start":"Попытка удалить сообщение 1808 в peer_id 2000000002"}
